#
# A fatal error has been detected by the Java Runtime Environment:
#
#  EXCEPTION_ACCESS_VIOLATION (0xc0000005) at pc=0x5ffb20fd, pid=2900, tid=0x00003574
#
# JRE version: Java(TM) SE Runtime Environment (8.0_191-b12) (build 1.8.0_191-b12)
# Java VM: Java HotSpot(TM) Client VM (25.191-b12 mixed mode windows-x86 )
# Problematic frame:
# C  [ig9icd32.dll+0x7f20fd]
#
# Failed to write core dump. Minidumps are not enabled by default on client versions of Windows
#
# If you would like to submit a bug report, please visit:
#   http://bugreport.java.com/bugreport/crash.jsp
# The crash happened outside the Java Virtual Machine in native code.
# See problematic frame for where to report the bug.
#

---------------  T H R E A D  ---------------

Current thread (0x15575c00):  JavaThread "Animation Thread" [_thread_in_native, id=13684, stack(0x16e20000,0x16e70000)]

siginfo: ExceptionCode=0xc0000005, reading address 0xa00257d0

Registers:
EAX=0x00000018, EBX=0x16e6f000, ECX=0x3fcf3fcc, EDX=0x16e6f128
ESP=0x16e6ed44, EBP=0x16e6ed50, ESI=0x16e6edc0, EDI=0x16e6f128
EIP=0x5ffb20fd, EFLAGS=0x00010a07

Top of Stack: (sp=0x16e6ed44)
0x16e6ed44:   16e6f000 5ffb0170 16e6efe4 16e6efd0
0x16e6ed54:   5ffb0330 16e6edc0 86c3715b 16e6f128
0x16e6ed64:   5ffb0170 16e6ee80 00000000 00000000
0x16e6ed74:   00000000 00000000 16e6efd0 5f682100
0x16e6ed84:   16e6f0a4 5fcf7150 242f9048 23830610
0x16e6ed94:   5fcf6f80 00000002 226ca000 00000000
0x16e6eda4:   242f9048 5fcf6e8b 00000000 16e6edcc
0x16e6edb4:   16e6f000 16e6ee48 16e6ee3c 6021a374 

Instructions: (pc=0x5ffb20fd)
0x5ffb20dd:   3c 8b 81 e8 17 33 60 89 46 40 8b 81 ec 17 33 60
0x5ffb20ed:   89 46 44 8b 81 f0 17 33 60 89 46 48 6b 4b 58 34
0x5ffb20fd:   8b 81 04 18 33 60 89 46 4c 8b 81 08 18 33 60 89
0x5ffb210d:   46 50 8b 81 0c 18 33 60 89 46 54 8b 81 10 18 33 


Register to memory mapping:

EAX=0x00000018 is an unknown value
EBX=0x16e6f000 is pointing into the stack for thread: 0x15575c00
ECX=0x3fcf3fcc is an unknown value
EDX=0x16e6f128 is pointing into the stack for thread: 0x15575c00
ESP=0x16e6ed44 is pointing into the stack for thread: 0x15575c00
EBP=0x16e6ed50 is pointing into the stack for thread: 0x15575c00
ESI=0x16e6edc0 is pointing into the stack for thread: 0x15575c00
EDI=0x16e6f128 is pointing into the stack for thread: 0x15575c00


Stack: [0x16e20000,0x16e70000],  sp=0x16e6ed44,  free space=315k
Native frames: (J=compiled Java code, j=interpreted, Vv=VM code, C=native code)
C  [ig9icd32.dll+0x7f20fd]
C  [ig9icd32.dll+0x7f0330]
C  [ig9icd32.dll+0x7f78b0]
C  [ig9icd32.dll+0x4d516c]
C  [ig9icd32.dll+0x4d60b7]
C  [ig9icd32.dll+0x4a8e59]
C  [ig9icd32.dll+0x7985ce]
C  [opengl32.dll+0x31eab]
C  [jogl.dll+0x20fd]
j  com.sun.opengl.impl.GLImpl.glClear(I)V+0
j  processing.opengl.PGraphicsOpenGL.backgroundImpl()V+29
j  processing.core.PGraphics.backgroundFromCalc()V+122
j  processing.core.PGraphics.background(I)V+6
j  processing.core.PApplet.background(I)V+20
j  MultiWiiConf.draw()V+5963
j  processing.core.PApplet.handleDraw()V+145
j  processing.core.PApplet.run()V+72
j  java.lang.Thread.run()V+11
v  ~StubRoutines::call_stub
V  [jvm.dll+0x15c315]
V  [jvm.dll+0x223ece]
V  [jvm.dll+0x15c3ae]
V  [jvm.dll+0x15c536]
V  [jvm.dll+0x15c5a7]
V  [jvm.dll+0x1002ef]
V  [jvm.dll+0x17f550]
V  [jvm.dll+0x17fdca]
V  [jvm.dll+0x1c57a6]
C  [msvcr100.dll+0x5c556]
C  [msvcr100.dll+0x5c600]
C  [KERNEL32.DLL+0x16359]
C  [ntdll.dll+0x68944]
C  [ntdll.dll+0x68914]
C  0x00000000

Java frames: (J=compiled Java code, j=interpreted, Vv=VM code)
j  com.sun.opengl.impl.GLImpl.glClear(I)V+0
j  processing.opengl.PGraphicsOpenGL.backgroundImpl()V+29
j  processing.core.PGraphics.backgroundFromCalc()V+122
j  processing.core.PGraphics.background(I)V+6
j  processing.core.PApplet.background(I)V+20
j  MultiWiiConf.draw()V+5963
j  processing.core.PApplet.handleDraw()V+145
j  processing.core.PApplet.run()V+72
j  java.lang.Thread.run()V+11
v  ~StubRoutines::call_stub

---------------  P R O C E S S  ---------------

Java Threads: ( => current thread )
  0x17005400 JavaThread "Thread-0" daemon [_thread_in_native, id=1612, stack(0x165a0000,0x165f0000)]
  0x15dda400 JavaThread "Thread-3" [_thread_in_native, id=14432, stack(0x22d00000,0x22d50000)]
  0x02b0d000 JavaThread "DestroyJavaVM" [_thread_blocked, id=21648, stack(0x02b50000,0x02ba0000)]
=>0x15575c00 JavaThread "Animation Thread" [_thread_in_native, id=13684, stack(0x16e20000,0x16e70000)]
  0x1553bc00 JavaThread "AWT-EventQueue-0" [_thread_blocked, id=5292, stack(0x163f0000,0x16440000)]
  0x15bbe000 JavaThread "AWT-Windows" daemon [_thread_in_native, id=21932, stack(0x16150000,0x161a0000)]
  0x15bbd400 JavaThread "AWT-Shutdown" [_thread_blocked, id=15096, stack(0x160c0000,0x16110000)]
  0x1546a000 JavaThread "Java2D Disposer" daemon [_thread_blocked, id=14344, stack(0x15ad0000,0x15b20000)]
  0x153d7800 JavaThread "Service Thread" daemon [_thread_blocked, id=20396, stack(0x159b0000,0x15a00000)]
  0x153cf400 JavaThread "C1 CompilerThread0" daemon [_thread_blocked, id=18572, stack(0x15920000,0x15970000)]
  0x153ce000 JavaThread "Attach Listener" daemon [_thread_blocked, id=15380, stack(0x15890000,0x158e0000)]
  0x153cc000 JavaThread "Signal Dispatcher" daemon [_thread_blocked, id=6968, stack(0x15800000,0x15850000)]
  0x153ba400 JavaThread "Finalizer" daemon [_thread_blocked, id=11024, stack(0x15670000,0x156c0000)]
  0x153b4400 JavaThread "Reference Handler" daemon [_thread_blocked, id=10316, stack(0x155e0000,0x15630000)]

Other Threads:
  0x02d5d400 VMThread [stack: 0x15350000,0x153a0000] [id=19572]
  0x153db000 WatcherThread [stack: 0x15a40000,0x15a90000] [id=19360]

VM state:not at safepoint (normal execution)

VM Mutex/Monitor currently owned by a thread: None

Heap:
 def new generation   total 4928K, used 2502K [0x04e00000, 0x05350000, 0x0a350000)
  eden space 4416K,  51% used [0x04e00000, 0x05036f10, 0x05250000)
  from space 512K,  45% used [0x052d0000, 0x0530ac60, 0x05350000)
  to   space 512K,   0% used [0x05250000, 0x05250000, 0x052d0000)
 tenured generation   total 10944K, used 5130K [0x0a350000, 0x0ae00000, 0x14e00000)
   the space 10944K,  46% used [0x0a350000, 0x0a852930, 0x0a852a00, 0x0ae00000)
 Metaspace       used 8327K, capacity 8515K, committed 8576K, reserved 8576K

Card table byte_map: [0x14e00000,0x14e90000] byte_map_base: 0x14dd9000

Polling page: 0x02ba0000

CodeCache: size=32768Kb used=1819Kb max_used=1819Kb free=30948Kb
 bounds [0x02d60000, 0x02f28000, 0x04d60000]
 total_blobs=1192 nmethods=816 adapters=306
 compilation: enabled

Compilation events (10 events):
Event: 47.372 Thread 0x153cf400  813             sun.awt.SunToolkit::targetToAppContext (30 bytes)
Event: 47.372 Thread 0x153cf400 nmethod 813 0x02f25e48 code [0x02f25f60, 0x02f261d8]
Event: 47.373 Thread 0x153cf400  814             sun.awt.SunToolkit::getAppContext (42 bytes)
Event: 47.373 Thread 0x153cf400 nmethod 814 0x02f26348 code [0x02f26490, 0x02f26694]
Event: 47.373 Thread 0x153cf400  815             sun.awt.EventQueueItem::<init> (10 bytes)
Event: 47.373 Thread 0x153cf400 nmethod 815 0x02f26808 code [0x02f26900, 0x02f26990]
Event: 47.443 Thread 0x153cf400  816             java.util.concurrent.locks.AbstractQueuedSynchronizer$ConditionObject::signalAll (33 bytes)
Event: 47.444 Thread 0x153cf400 nmethod 816 0x02f269c8 code [0x02f26ae0, 0x02f26c14]
Event: 47.444 Thread 0x153cf400  817             java.util.concurrent.locks.ReentrantLock$Sync::isHeldExclusively (16 bytes)
Event: 47.444 Thread 0x153cf400 nmethod 817 0x02f26cc8 code [0x02f26dc0, 0x02f26e60]

GC Heap History (10 events):
Event: 23.020 GC heap before
{Heap before GC invocations=28 (full 0):
 def new generation   total 4928K, used 4650K [0x04e00000, 0x05350000, 0x0a350000)
  eden space 4416K, 100% used [0x04e00000, 0x05250000, 0x05250000)
  from space 512K,  45% used [0x05250000, 0x0528aa08, 0x052d0000)
  to   space 512K,   0% used [0x052d0000, 0x052d0000, 0x05350000)
 tenured generation   total 10944K, used 5130K [0x0a350000, 0x0ae00000, 0x14e00000)
   the space 10944K,  46% used [0x0a350000, 0x0a852930, 0x0a852a00, 0x0ae00000)
 Metaspace       used 8322K, capacity 8515K, committed 8576K, reserved 8576K
Event: 23.024 GC heap after
Heap after GC invocations=29 (full 0):
 def new generation   total 4928K, used 235K [0x04e00000, 0x05350000, 0x0a350000)
  eden space 4416K,   0% used [0x04e00000, 0x04e00000, 0x05250000)
  from space 512K,  45% used [0x052d0000, 0x0530ac20, 0x05350000)
  to   space 512K,   0% used [0x05250000, 0x05250000, 0x052d0000)
 tenured generation   total 10944K, used 5130K [0x0a350000, 0x0ae00000, 0x14e00000)
   the space 10944K,  46% used [0x0a350000, 0x0a852930, 0x0a852a00, 0x0ae00000)
 Metaspace       used 8322K, capacity 8515K, committed 8576K, reserved 8576K
}
Event: 28.747 GC heap before
{Heap before GC invocations=29 (full 0):
 def new generation   total 4928K, used 4651K [0x04e00000, 0x05350000, 0x0a350000)
  eden space 4416K, 100% used [0x04e00000, 0x05250000, 0x05250000)
  from space 512K,  45% used [0x052d0000, 0x0530ac20, 0x05350000)
  to   space 512K,   0% used [0x05250000, 0x05250000, 0x052d0000)
 tenured generation   total 10944K, used 5130K [0x0a350000, 0x0ae00000, 0x14e00000)
   the space 10944K,  46% used [0x0a350000, 0x0a852930, 0x0a852a00, 0x0ae00000)
 Metaspace       used 8322K, capacity 8515K, committed 8576K, reserved 8576K
Event: 28.757 GC heap after
Heap after GC invocations=30 (full 0):
 def new generation   total 4928K, used 234K [0x04e00000, 0x05350000, 0x0a350000)
  eden space 4416K,   0% used [0x04e00000, 0x04e00000, 0x05250000)
  from space 512K,  45% used [0x05250000, 0x0528aa70, 0x052d0000)
  to   space 512K,   0% used [0x052d0000, 0x052d0000, 0x05350000)
 tenured generation   total 10944K, used 5130K [0x0a350000, 0x0ae00000, 0x14e00000)
   the space 10944K,  46% used [0x0a350000, 0x0a852930, 0x0a852a00, 0x0ae00000)
 Metaspace       used 8322K, capacity 8515K, committed 8576K, reserved 8576K
}
Event: 34.452 GC heap before
{Heap before GC invocations=30 (full 0):
 def new generation   total 4928K, used 4650K [0x04e00000, 0x05350000, 0x0a350000)
  eden space 4416K, 100% used [0x04e00000, 0x05250000, 0x05250000)
  from space 512K,  45% used [0x05250000, 0x0528aa70, 0x052d0000)
  to   space 512K,   0% used [0x052d0000, 0x052d0000, 0x05350000)
 tenured generation   total 10944K, used 5130K [0x0a350000, 0x0ae00000, 0x14e00000)
   the space 10944K,  46% used [0x0a350000, 0x0a852930, 0x0a852a00, 0x0ae00000)
 Metaspace       used 8322K, capacity 8515K, committed 8576K, reserved 8576K
Event: 34.455 GC heap after
Heap after GC invocations=31 (full 0):
 def new generation   total 4928K, used 235K [0x04e00000, 0x05350000, 0x0a350000)
  eden space 4416K,   0% used [0x04e00000, 0x04e00000, 0x05250000)
  from space 512K,  45% used [0x052d0000, 0x0530ad58, 0x05350000)
  to   space 512K,   0% used [0x05250000, 0x05250000, 0x052d0000)
 tenured generation   total 10944K, used 5130K [0x0a350000, 0x0ae00000, 0x14e00000)
   the space 10944K,  46% used [0x0a350000, 0x0a852930, 0x0a852a00, 0x0ae00000)
 Metaspace       used 8322K, capacity 8515K, committed 8576K, reserved 8576K
}
Event: 40.236 GC heap before
{Heap before GC invocations=31 (full 0):
 def new generation   total 4928K, used 4651K [0x04e00000, 0x05350000, 0x0a350000)
  eden space 4416K, 100% used [0x04e00000, 0x05250000, 0x05250000)
  from space 512K,  45% used [0x052d0000, 0x0530ad58, 0x05350000)
  to   space 512K,   0% used [0x05250000, 0x05250000, 0x052d0000)
 tenured generation   total 10944K, used 5130K [0x0a350000, 0x0ae00000, 0x14e00000)
   the space 10944K,  46% used [0x0a350000, 0x0a852930, 0x0a852a00, 0x0ae00000)
 Metaspace       used 8322K, capacity 8515K, committed 8576K, reserved 8576K
Event: 40.240 GC heap after
Heap after GC invocations=32 (full 0):
 def new generation   total 4928K, used 234K [0x04e00000, 0x05350000, 0x0a350000)
  eden space 4416K,   0% used [0x04e00000, 0x04e00000, 0x05250000)
  from space 512K,  45% used [0x05250000, 0x0528aae0, 0x052d0000)
  to   space 512K,   0% used [0x052d0000, 0x052d0000, 0x05350000)
 tenured generation   total 10944K, used 5130K [0x0a350000, 0x0ae00000, 0x14e00000)
   the space 10944K,  46% used [0x0a350000, 0x0a852930, 0x0a852a00, 0x0ae00000)
 Metaspace       used 8322K, capacity 8515K, committed 8576K, reserved 8576K
}
Event: 45.991 GC heap before
{Heap before GC invocations=32 (full 0):
 def new generation   total 4928K, used 4650K [0x04e00000, 0x05350000, 0x0a350000)
  eden space 4416K, 100% used [0x04e00000, 0x05250000, 0x05250000)
  from space 512K,  45% used [0x05250000, 0x0528aae0, 0x052d0000)
  to   space 512K,   0% used [0x052d0000, 0x052d0000, 0x05350000)
 tenured generation   total 10944K, used 5130K [0x0a350000, 0x0ae00000, 0x14e00000)
   the space 10944K,  46% used [0x0a350000, 0x0a852930, 0x0a852a00, 0x0ae00000)
 Metaspace       used 8322K, capacity 8515K, committed 8576K, reserved 8576K
Event: 45.992 GC heap after
Heap after GC invocations=33 (full 0):
 def new generation   total 4928K, used 235K [0x04e00000, 0x05350000, 0x0a350000)
  eden space 4416K,   0% used [0x04e00000, 0x04e00000, 0x05250000)
  from space 512K,  45% used [0x052d0000, 0x0530ac60, 0x05350000)
  to   space 512K,   0% used [0x05250000, 0x05250000, 0x052d0000)
 tenured generation   total 10944K, used 5130K [0x0a350000, 0x0ae00000, 0x14e00000)
   the space 10944K,  46% used [0x0a350000, 0x0a852930, 0x0a852a00, 0x0ae00000)
 Metaspace       used 8322K, capacity 8515K, committed 8576K, reserved 8576K
}

Deoptimization events (0 events):
No events

Classes redefined (0 events):
No events

Internal exceptions (10 events):
Event: 48.835 Thread 0x15dda400 Exception <a 'java/io/IOException'> (0x0502c5d0) thrown at [C:\workspace\8-2-build-windows-i586-cygwin\jdk8u191\11896\hotspot\src\share\vm\prims\jni.cpp, line 709]
Event: 48.835 Thread 0x15dda400 Exception <a 'java/io/IOException'> (0x0502cbf0) thrown at [C:\workspace\8-2-build-windows-i586-cygwin\jdk8u191\11896\hotspot\src\share\vm\prims\jni.cpp, line 709]
Event: 48.835 Thread 0x15dda400 Exception <a 'java/io/IOException'> (0x0502ce68) thrown at [C:\workspace\8-2-build-windows-i586-cygwin\jdk8u191\11896\hotspot\src\share\vm\prims\jni.cpp, line 709]
Event: 48.835 Thread 0x15dda400 Exception <a 'java/io/IOException'> (0x0502d0b0) thrown at [C:\workspace\8-2-build-windows-i586-cygwin\jdk8u191\11896\hotspot\src\share\vm\prims\jni.cpp, line 709]
Event: 48.835 Thread 0x15dda400 Exception <a 'java/io/IOException'> (0x0502d5e0) thrown at [C:\workspace\8-2-build-windows-i586-cygwin\jdk8u191\11896\hotspot\src\share\vm\prims\jni.cpp, line 709]
Event: 48.835 Thread 0x15dda400 Exception <a 'java/io/IOException'> (0x0502d858) thrown at [C:\workspace\8-2-build-windows-i586-cygwin\jdk8u191\11896\hotspot\src\share\vm\prims\jni.cpp, line 709]
Event: 48.835 Thread 0x15dda400 Exception <a 'java/io/IOException'> (0x0502daa0) thrown at [C:\workspace\8-2-build-windows-i586-cygwin\jdk8u191\11896\hotspot\src\share\vm\prims\jni.cpp, line 709]
Event: 48.835 Thread 0x15dda400 Exception <a 'java/io/IOException'> (0x0502e0f0) thrown at [C:\workspace\8-2-build-windows-i586-cygwin\jdk8u191\11896\hotspot\src\share\vm\prims\jni.cpp, line 709]
Event: 48.835 Thread 0x15dda400 Exception <a 'java/io/IOException'> (0x0502e368) thrown at [C:\workspace\8-2-build-windows-i586-cygwin\jdk8u191\11896\hotspot\src\share\vm\prims\jni.cpp, line 709]
Event: 48.835 Thread 0x15dda400 Exception <a 'java/io/IOException'> (0x0502e5b0) thrown at [C:\workspace\8-2-build-windows-i586-cygwin\jdk8u191\11896\hotspot\src\share\vm\prims\jni.cpp, line 709]

Events (10 events):
Event: 45.992 Executing VM operation: GenCollectForAllocation done
Event: 48.529 loading class java/util/IdentityHashMap$KeyIterator
Event: 48.529 loading class java/util/IdentityHashMap$IdentityHashMapIterator
Event: 48.529 loading class java/util/IdentityHashMap$IdentityHashMapIterator done
Event: 48.529 loading class java/util/IdentityHashMap$KeyIterator done
Event: 48.530 Thread 0x17005400 Thread added: 0x17005400
Event: 48.530 Thread 0x17007800 Thread added: 0x17007800
Event: 48.530 Thread 0x17008000 Thread added: 0x17008000
Event: 48.530 Thread 0x17008000 Thread exited: 0x17008000
Event: 48.530 Thread 0x17007800 Thread exited: 0x17007800


Dynamic libraries:
0x00850000 - 0x00883000 	C:\Program Files (x86)\Arduino\java\bin\javaw.exe
0x772d0000 - 0x7746a000 	C:\Windows\SYSTEM32\ntdll.dll
0x75fe0000 - 0x760c0000 	C:\Windows\System32\KERNEL32.DLL
0x76790000 - 0x7698f000 	C:\Windows\System32\KERNELBASE.dll
0x75070000 - 0x750e9000 	C:\Windows\System32\ADVAPI32.dll
0x75360000 - 0x7541f000 	C:\Windows\System32\msvcrt.dll
0x75280000 - 0x752f6000 	C:\Windows\System32\sechost.dll
0x76a90000 - 0x76b4b000 	C:\Windows\System32\RPCRT4.dll
0x74a90000 - 0x74ab5000 	C:\Windows\System32\SspiCli.dll
0x74a80000 - 0x74a8a000 	C:\Windows\System32\CRYPTBASE.dll
0x74dd0000 - 0x74e2f000 	C:\Windows\System32\bcryptPrimitives.dll
0x75bc0000 - 0x75d58000 	C:\Windows\System32\USER32.dll
0x76a70000 - 0x76a87000 	C:\Windows\System32\win32u.dll
0x76b50000 - 0x76b71000 	C:\Windows\System32\GDI32.dll
0x75a60000 - 0x75bbc000 	C:\Windows\System32\gdi32full.dll
0x75d60000 - 0x75ddc000 	C:\Windows\System32\msvcp_win.dll
0x76670000 - 0x76790000 	C:\Windows\System32\ucrtbase.dll
0x6b140000 - 0x6b34f000 	C:\Windows\WinSxS\x86_microsoft.windows.common-controls_6595b64144ccf1df_6.0.18362.1198_none_e62f422ef8d70235\COMCTL32.dll
0x74ac0000 - 0x74d35000 	C:\Windows\System32\combase.dll
0x74da0000 - 0x74dc5000 	C:\Windows\System32\IMM32.DLL
0x67640000 - 0x676ff000 	C:\Program Files (x86)\Arduino\java\bin\msvcr100.dll
0x7bfc0000 - 0x7c393000 	C:\Program Files (x86)\Arduino\java\bin\client\jvm.dll
0x759a0000 - 0x759a6000 	C:\Windows\System32\PSAPI.DLL
0x71250000 - 0x71258000 	C:\Windows\SYSTEM32\WSOCK32.dll
0x749f0000 - 0x74a14000 	C:\Windows\SYSTEM32\WINMM.dll
0x735e0000 - 0x735e8000 	C:\Windows\SYSTEM32\VERSION.dll
0x760c0000 - 0x7611e000 	C:\Windows\System32\WS2_32.dll
0x749b0000 - 0x749d3000 	C:\Windows\SYSTEM32\WINMMBASE.dll
0x75fa0000 - 0x75fdb000 	C:\Windows\System32\cfgmgr32.dll
0x6acf0000 - 0x6acfc000 	C:\Program Files (x86)\Arduino\java\bin\verify.dll
0x6a320000 - 0x6a342000 	C:\Program Files (x86)\Arduino\java\bin\java.dll
0x67f30000 - 0x67f44000 	C:\Program Files (x86)\Arduino\java\bin\zip.dll
0x75420000 - 0x7599b000 	C:\Windows\System32\SHELL32.dll
0x75140000 - 0x751c4000 	C:\Windows\System32\shcore.dll
0x76cf0000 - 0x772b1000 	C:\Windows\System32\windows.storage.dll
0x75f80000 - 0x75f9b000 	C:\Windows\System32\profapi.dll
0x76a20000 - 0x76a63000 	C:\Windows\System32\powrprof.dll
0x75a50000 - 0x75a5d000 	C:\Windows\System32\UMPDC.dll
0x750f0000 - 0x75134000 	C:\Windows\System32\shlwapi.dll
0x75060000 - 0x7506f000 	C:\Windows\System32\kernel.appcore.dll
0x75a30000 - 0x75a43000 	C:\Windows\System32\cryptsp.dll
0x7be70000 - 0x7bfb7000 	C:\Program Files (x86)\Arduino\java\bin\awt.dll
0x75de0000 - 0x75e72000 	C:\Windows\System32\OLEAUT32.dll
0x74910000 - 0x749af000 	C:\Windows\SYSTEM32\apphelp.dll
0x71190000 - 0x7120a000 	C:\Windows\system32\uxtheme.dll
0x76be0000 - 0x76ce3000 	C:\Windows\System32\MSCTF.dll
0x76120000 - 0x76217000 	C:\Windows\System32\ole32.dll
0x71130000 - 0x71155000 	C:\Windows\system32\DWMAPI.DLL
0x604f0000 - 0x605ef000 	C:\Windows\system32\opengl32.dll
0x60430000 - 0x6046f000 	C:\Windows\SYSTEM32\GLU32.dll
0x6af80000 - 0x6af99000 	C:\Windows\SYSTEM32\dxcore.dll
0x67b30000 - 0x67b69000 	C:\Program Files (x86)\Arduino\java\bin\fontmanager.dll
0x16e70000 - 0x16ebd000 	C:\Users\renga\OneDrive\Desktop\desktop\MultiWiiConf\application.windows32\jogl.dll
0x6a3c0000 - 0x6a3c6000 	C:\Program Files (x86)\Arduino\java\bin\jawt.dll
0x177c0000 - 0x177c5000 	C:\Users\renga\OneDrive\Desktop\desktop\MultiWiiConf\application.windows32\jogl_awt.dll
0x501b0000 - 0x50234000 	C:\Windows\System32\TextInputFramework.dll
0x6e2d0000 - 0x6e52e000 	C:\Windows\System32\CoreUIComponents.dll
0x6e530000 - 0x6e5b9000 	C:\Windows\System32\CoreMessaging.dll
0x71ca0000 - 0x71cc9000 	C:\Windows\SYSTEM32\ntmarta.dll
0x6e620000 - 0x6e6fa000 	C:\Windows\SYSTEM32\wintypes.dll
0x5f7c0000 - 0x603f8000 	C:\Windows\System32\DriverStore\FileRepository\iigd_dch.inf_amd64_2b7bcff446ea567f\ig9icd32.dll
0x66f60000 - 0x67021000 	C:\Windows\system32\dxgi.dll
0x5f680000 - 0x5f7b9000 	C:\Windows\System32\DriverStore\FileRepository\iigd_dch.inf_amd64_2b7bcff446ea567f\igdgmm32.dll
0x5cdb0000 - 0x5f35d000 	C:\Windows\System32\DriverStore\FileRepository\iigd_dch.inf_amd64_2b7bcff446ea567f\igc32.dll
0x5f360000 - 0x5f675000 	C:\Windows\System32\DriverStore\FileRepository\iigd_dch.inf_amd64_2b7bcff446ea567f\igdml32.dll
0x67b70000 - 0x67b85000 	C:\Program Files (x86)\Arduino\java\bin\net.dll
0x71cd0000 - 0x71d22000 	C:\Windows\system32\mswsock.dll
0x6ace0000 - 0x6acef000 	C:\Program Files (x86)\Arduino\java\bin\nio.dll
0x53420000 - 0x53452000 	C:\Program Files (x86)\Arduino\java\bin\t2k.dll
0x71080000 - 0x71096000 	C:\Users\renga\OneDrive\Desktop\desktop\MultiWiiConf\application.windows32\rxtxSerial.dll
0x68530000 - 0x6875a000 	C:\Windows\System32\iertutil.dll
0x6a400000 - 0x6a58f000 	C:\Windows\SYSTEM32\dbghelp.dll

VM Arguments:
java_command: MultiWiiConf
java_class_path (initial): C:\Users\renga\OneDrive\Desktop\desktop\MultiWiiConf\application.windows32\lib\MultiWiiConf.jar;C:\Users\renga\OneDrive\Desktop\desktop\MultiWiiConf\application.windows32\lib\core.jar;C:\Users\renga\OneDrive\Desktop\desktop\MultiWiiConf\application.windows32\lib\RXTXcomm.jar;C:\Users\renga\OneDrive\Desktop\desktop\MultiWiiConf\application.windows32\lib\serial.jar;C:\Users\renga\OneDrive\Desktop\desktop\MultiWiiConf\application.windows32\lib\controlP5.jar;C:\Users\renga\OneDrive\Desktop\desktop\MultiWiiConf\application.windows32\lib\controlP5_ori.jar;C:\Users\renga\OneDrive\Desktop\desktop\MultiWiiConf\application.windows32\lib\gluegen-rt.jar;C:\Users\renga\OneDrive\Desktop\desktop\MultiWiiConf\application.windows32\lib\jogl.jar;C:\Users\renga\OneDrive\Desktop\desktop\MultiWiiConf\application.windows32\lib\opengl.jar
Launcher Type: SUN_STANDARD

Environment Variables:
CLASSPATH=C:\Users\renga\OneDrive\Desktop\desktop\MultiWiiConf\application.windows32\lib\MultiWiiConf.jar;C:\Users\renga\OneDrive\Desktop\desktop\MultiWiiConf\application.windows32\lib\core.jar;C:\Users\renga\OneDrive\Desktop\desktop\MultiWiiConf\application.windows32\lib\RXTXcomm.jar;C:\Users\renga\OneDrive\Desktop\desktop\MultiWiiConf\application.windows32\lib\serial.jar;C:\Users\renga\OneDrive\Desktop\desktop\MultiWiiConf\application.windows32\lib\controlP5.jar;C:\Users\renga\OneDrive\Desktop\desktop\MultiWiiConf\application.windows32\lib\controlP5_ori.jar;C:\Users\renga\OneDrive\Desktop\desktop\MultiWiiConf\application.windows32\lib\gluegen-rt.jar;C:\Users\renga\OneDrive\Desktop\desktop\MultiWiiConf\application.windows32\lib\jogl.jar;C:\Users\renga\OneDrive\Desktop\desktop\MultiWiiConf\application.windows32\lib\opengl.jar
PATH=C:\WinAVR-20100110\bin;C:\WinAVR-20100110\utils\bin;C:\Program Files (x86)\Common Files\Intel\Shared Libraries\redist\intel64\compiler;C:\Windows\system32;C:\Windows;C:\Windows\System32\Wbem;C:\Windows\System32\WindowsPowerShell\v1.0;C:\Program Files (x86)\NVIDIA Corporation\PhysX\Common;C:\Program Files\NVIDIA Corporation\NVIDIA NvDLISR;C:\Program Files\MATLAB\R2020a\bin;C:\Program Files\Microchip\xc8\v2.31\bin;C:\Users\renga\AppData\Local\Programs\Python\Python36;C:\Program Files\python\python3.6\Scripts;C:\Program Files\python\python3.6;C:\Program Files (x86)\Arduino\java\bin
USERNAME=renga
OS=Windows_NT
PROCESSOR_IDENTIFIER=Intel64 Family 6 Model 165 Stepping 2, GenuineIntel



---------------  S Y S T E M  ---------------

OS: Windows 10.0 , 64 bit Build 18362 (10.0.18362.1110)

CPU:total 8 (initial active 8) (4 cores per cpu, 2 threads per core) family 6 model 165 stepping 2, cmov, cx8, fxsr, mmx, sse, sse2, sse3, ssse3, sse4.1, sse4.2, popcnt, avx, avx2, aes, clmul, erms, 3dnowpref, lzcnt, ht, tsc, tscinvbit, bmi1, bmi2, adx

Memory: 4k page, physical 16604212k(10969060k free), swap 19228836k(10876012k free)

vm_info: Java HotSpot(TM) Client VM (25.191-b12) for windows-x86 JRE (1.8.0_191-b12), built on Oct  6 2018 08:34:23 by "java_re" with MS VC++ 10.0 (VS2010)

time: Sat Dec 05 19:28:27 2020
elapsed time: 48 seconds (0d 0h 0m 48s)

